--------------------------------------------------------------------------------
2026-03-18 00:20:55,319 - frs - INFO - This is your training log file!
--------------------------------------------------------------------------------
--------------------------------------------------------------------------------
2026-03-18 00:20:55,320 - frs - INFO - Environment Information:
--------------------------------------------------------------------------------
Python Version: 3.8.19
Installed Packages:
aeon==0.9.0
aiohttp==3.9.5
aiosignal==1.3.1
albucore==0.0.17
albumentations==1.2.1
annotated-types==0.7.0
anyio==4.3.0
argon2-cffi-bindings==21.2.0
argon2-cffi==23.1.0
arrow==1.3.0
asttokens==2.4.1
async-lru==2.0.4
async-timeout==4.0.3
attrs==23.2.0
axial-positional-embedding==0.2.1
babel==2.15.0
backcall==0.2.0
beautifulsoup4==4.12.3
bleach==6.1.0
blessed==1.21.0
boto3==1.34.90
botocore==1.34.90
brotli==1.1.0
certifi==2024.2.2
cffi==1.16.0
charset-normalizer==3.3.2
click==8.1.7
cloudpickle==3.0.0
comm==0.2.2
contourpy==1.1.1
copulas==0.11.0
croniter==1.3.15
ctgan==0.10.0
cycler==0.12.1
cython==3.1.5
dask==2023.5.0
dateutils==0.6.12
debugpy==1.8.1
decorator==5.1.1
deepdiff==7.0.1
deepecho==0.6.0
defusedxml==0.7.1
deprecated==1.2.18
editor==1.6.6
einops==0.8.0
et-xmlfile==1.1.0
eval-type-backport==0.2.0
exceptiongroup==1.2.1
executing==2.0.1
faker==24.11.0
fastapi==0.88.0
fastjsonschema==2.19.1
filelock==3.16.1
fonttools==4.51.0
fqdn==1.5.1
frozenlist==1.4.1
fsspec==2023.12.2
geographiclib==2.0
geopy==2.4.1
graphviz==0.20.3
h11==0.14.0
httpcore==1.0.5
httpx==0.27.0
huggingface-hub==0.26.2
idna==3.7
imageio==2.34.2
imbalanced-learn==0.12.2
importlib-metadata==7.1.0
importlib-resources==6.4.0
inquirer==3.4.0
ipykernel==6.29.4
ipython==8.12.3
ipywidgets==8.1.2
isoduration==20.11.0
itsdangerous==2.2.0
jedi==0.19.1
jinja2==3.1.3
jmespath==1.0.1
joblib==1.4.0
json-tricks==3.17.3
json5==0.9.25
jsonpointer==2.4
jsonschema-specifications==2023.12.1
jsonschema==4.22.0
jupyter-client==8.6.1
jupyter-console==6.6.3
jupyter-core==5.7.2
jupyter-events==0.10.0
jupyter-lsp==2.2.5
jupyter-server-terminals==0.5.3
jupyter-server==2.14.0
jupyter==1.0.0
jupyterlab-pygments==0.3.0
jupyterlab-server==2.27.1
jupyterlab-widgets==3.0.10
jupyterlab==4.1.8
kiwisolver==1.4.5
lazy-loader==0.4
lightning-cloud==0.5.70
lightning-utilities==0.11.9
lightning==1.9.5
llvmlite==0.41.1
local-attention==1.9.15
locket==1.0.0
markdown-it-py==3.0.0
markupsafe==2.1.5
matplotlib-inline==0.1.7
matplotlib==3.7.5
mdurl==0.1.2
mistune==3.0.2
mkl-fft==1.3.1
mkl-random==1.2.2
mkl-service==2.4.0
mpld3==0.5.10
mpmath==1.3.0
multidict==6.0.5
nbclient==0.10.0
nbconvert==7.16.4
nbformat==5.10.4
nest-asyncio==1.6.0
networkx==3.1
ninja==1.11.1.3
notebook-shim==0.2.4
notebook==7.1.3
numba==0.58.1
numpy==1.24.4
opencv-python-headless==4.10.0.84
openpyxl==3.1.2
ordered-set==4.1.0
outcome==1.3.0.post0
overrides==7.7.0
packaging==24.0
pandas==2.0.3
pandocfilters==1.5.1
parso==0.8.4
partd==1.4.1
pexpect==4.9.0
pickleshare==0.7.5
pillow==9.4.0
pip==24.0
pkgutil-resolve-name==1.3.10
platformdirs==4.2.1
plotly==5.21.0
prometheus-client==0.20.0
prompt-toolkit==3.0.43
protobuf==5.29.5
psutil==5.9.8
ptyprocess==0.7.0
pure-eval==0.2.2
pycocotools==2.0
pycparser==2.22
pydantic-core==2.23.4
pydantic==1.10.22
pygments==2.18.0
pyjwt==2.9.0
pyparsing==3.1.2
pysocks==1.7.1
python-dateutil==2.9.0.post0
python-json-logger==2.0.7
python-multipart==0.0.20
pytorch-wavelets==1.3.0
pytz==2024.1
pywavelets==1.4.1
pyyaml==6.0.1
pyzmq==26.0.3
qtconsole==5.5.2
qtpy==2.4.1
qudida==0.0.4
rdt==1.12.0
readchar==4.2.1
referencing==0.35.1
requests==2.31.0
rfc3339-validator==0.1.4
rfc3986-validator==0.1.1
rich==14.1.0
rpds-py==0.18.1
runs==1.2.2
s3transfer==0.10.1
safetensors==0.4.5
scikit-base==0.7.8
scikit-image==0.19.3
scikit-learn==1.3.2
scipy==1.10.1
sdmetrics==0.14.0
sdv==1.12.1
selenium==4.20.0
send2trash==1.8.3
setuptools==69.5.1
six==1.16.0
sktime==0.29.1
sniffio==1.3.1
sortedcontainers==2.4.0
soupsieve==2.5
stack-data==0.6.3
starlette==0.22.0
starsessions==1.3.0
sympy==1.13.2
tenacity==8.2.3
tensorboardx==2.6.2.2
termcolor==2.4.0
terminado==0.18.1
thop==0.1.1.post2209072238
threadpoolctl==3.4.0
tifffile==2023.7.10
timm==1.0.11
tinycss2==1.3.0
tomli==2.0.1
toolz==1.0.0
torch-geometric==2.5.2
torch-scatter==2.1.2
torch==1.11.0
torchaudio==0.11.0
torchmetrics==1.5.2
torchsummary==1.5.1
torchvision==0.12.0
tornado==6.4
tqdm==4.66.2
traitlets==5.14.3
trio-websocket==0.11.1
trio==0.25.0
types-python-dateutil==2.9.0.20240316
typing-extensions==4.11.0
tzdata==2024.1
uri-template==1.3.0
urllib3==1.26.18
uvicorn==0.33.0
wcwidth==0.2.13
webcolors==1.13
webencodings==0.5.1
websocket-client==1.8.0
websockets==11.0.3
wheel==0.43.0
widgetsnbextension==4.0.10
wrapt==1.17.3
wsproto==1.2.0
xgboost==2.0.3
xmod==1.8.1
yacs==0.1.8
yarl==1.9.4
zipp==3.18.1
--------------------------------------------------------------------------------
2026-03-18 00:22:55,167 - frs - INFO - Dataset Information:
--------------------------------------------------------------------------------
Train Dataset: GraphDataset(
  Path: {'gnss': '../dataset_5/dataset_high/paddy/sampled_paddy_43', 'adj': '../dataset_5/dataset_high/paddy/sampled_paddy_adj', 'json': '../dataset_5/dataset_high/paddy/Non-Identically_Distributed_Coco/sampled_paddy_43_train.json'}
  Mode: train
  Num_workers: 2
  Max_len: 1000
  Drop_rate: 0
)
Valid Dataset: GraphDataset(
  Path: {'gnss': '../dataset_5/dataset_high/paddy/sampled_paddy_43', 'adj': '../dataset_5/dataset_high/paddy/sampled_paddy_adj', 'json': '../dataset_5/dataset_high/paddy/Non-Identically_Distributed_Coco/sampled_paddy_43_valid.json'}
  Mode: valid
  Num_workers: 2
  Max_len: 1000
  Drop_rate: 0
)
Test Dataset: GraphDataset(
  Path: {'gnss': '../dataset_5/dataset_high/paddy/sampled_paddy_43', 'adj': '../dataset_5/dataset_high/paddy/sampled_paddy_adj', 'json': '../dataset_5/dataset_high/paddy/Non-Identically_Distributed_Coco/sampled_paddy_43_test.json'}
  Mode: test
  Num_workers: 2
  Max_len: 1000
  Drop_rate: 0
)
--------------------------------------------------------------------------------
2026-03-18 00:22:59,676 - frs - INFO - Model Information:
--------------------------------------------------------------------------------
Model Name: VIT_GIN_Parallel
Model Structure:
vision: VIT(
  (patch_embed): PatchEmbed(
    (proj): Conv2d(1, 108, kernel_size=(1, 1), stride=(1, 1))
    (norm): Identity()
  )
  (pos_drop): Dropout(p=0.0, inplace=False)
  (blocks): Sequential(
    (0): Block(
      (norm1): LayerNorm((108,), eps=1e-05, elementwise_affine=True)
      (attn): Attention(
        (qkv): Linear(in_features=108, out_features=324, bias=True)
        (attn_drop): Dropout(p=0.3, inplace=False)
        (proj): Linear(in_features=108, out_features=108, bias=True)
        (proj_drop): Dropout(p=0.0, inplace=False)
      )
      (drop_path): Identity()
      (norm2): LayerNorm((108,), eps=1e-05, elementwise_affine=True)
      (mlp): Mlp(
        (fc1): Linear(in_features=108, out_features=432, bias=True)
        (act): GELU()
        (drop1): Dropout(p=0.0, inplace=False)
        (fc2): Linear(in_features=432, out_features=108, bias=True)
        (drop2): Dropout(p=0.0, inplace=False)
      )
    )
  )
  (fc_norm): LayerNorm((108,), eps=1e-05, elementwise_affine=True)
  (head): Linear(in_features=108, out_features=2, bias=True)
)
graph: GIN(
  (conv1): GINConv(nn=Sequential(
    (0): Linear(in_features=43, out_features=108, bias=True)
    (1): ReLU()
    (2): Linear(in_features=108, out_features=108, bias=True)
    (3): ReLU()
  ))
  (conv2): GINConv(nn=Sequential(
    (0): Linear(in_features=108, out_features=108, bias=True)
    (1): ReLU()
    (2): Linear(in_features=108, out_features=108, bias=True)
    (3): ReLU()
  ))
  (drop): Dropout(p=0.0, inplace=False)
  (head): Identity()
)
head_image: Linear(in_features=108, out_features=2, bias=True)
	in_features=108, out_features=2, bias=True
image_norm: LayerNorm((108,), eps=1e-05, elementwise_affine=True)
	(108,), eps=1e-05, elementwise_affine=True
head_graph: Linear(in_features=108, out_features=2, bias=True)
	in_features=108, out_features=2, bias=True
head: Linear(in_features=216, out_features=2, bias=True)
	in_features=216, out_features=2, bias=True
FLOPs: 0.62 GFLOPs
Parameters: 0.18 M
--------------------------------------------------------------------------------
2026-03-18 00:23:00,998 - frs - INFO - Config Information:
--------------------------------------------------------------------------------
total_epochs: 300
device: cuda
Train Loader: FieldRoadDataLoader(
  Batchsize: 1
  Numworkers: 0
  Timeout: 0
  Shuffle: True
  Dropout: True
)
Valid Loader: FieldRoadDataLoader(
  Batchsize: 1
  Numworkers: 0
  Timeout: 0
  Shuffle: False
  Dropout: True
)
Test Loader: FieldRoadDataLoader(
  Batchsize: 1
  Numworkers: 0
  Timeout: 0
  Shuffle: False
  Dropout: True
)
Optimizer: AdamW (
Parameter Group 0
    amsgrad: False
    betas: (0.9, 0.999)
    eps: 1e-08
    initial_lr: 0.0001
    lr: 0.0001
    maximize: False
    weight_decay: 0.05
)
Scheduler: WarmupCosineLR(
  Current Epoch: 0
  Warmup Start LR: 0.0001
  End LR: 5e-05
  Warmup Epochs: 5
  Total Epochs: 300
)
--------------------------------------------------------------------------------
2026-03-18 00:23:05,370 - frs - INFO - Epoch 0: , learning_rate: 0.0001
--------------------------------------------------------------------------------
2026-03-18 00:23:05,370 - frs - INFO - Train Loss: 1.3832, Train Acc: 0.6264, Training Time: 3937.9175 ms, Train FPS: 18560
2026-03-18 00:23:05,371 - frs - INFO - Valid Acc: 0.5693, Valid Acc: 0.6720, Best Valid Acc: 0.6720, Validation Time: 430.1894 ms, Valid FPS: 37167
2026-03-18 00:23:05,758 - frs - INFO - Test Classification Metrics:
2026-03-18 00:23:05,758 - frs - INFO - 
              precision    recall  f1-score   support

           0     0.0000    0.0000    0.0000     11118
           1     0.4453    1.0000    0.6162      8926

    accuracy                         0.4453     20044
   macro avg     0.2227    0.5000    0.3081     20044
weighted avg     0.1983    0.4453    0.2744     20044

2026-03-18 00:23:05,759 - frs - INFO - Testing Time: 388.1280 ms, Test FPS: 41195
--------------------------------------------------------------------------------
2026-03-18 00:23:10,062 - frs - INFO - Epoch 1: , learning_rate: 0.0001
--------------------------------------------------------------------------------
2026-03-18 00:23:10,062 - frs - INFO - Train Loss: 1.1893, Train Acc: 0.7509, Training Time: 3906.1701 ms, Train FPS: 18710
2026-03-18 00:23:10,063 - frs - INFO - Valid Acc: 0.4677, Valid Acc: 0.8019, Best Valid Acc: 0.8019, Validation Time: 395.6831 ms, Valid FPS: 40409
2026-03-18 00:23:10,550 - frs - INFO - Test Classification Metrics:
2026-03-18 00:23:10,550 - frs - INFO - 
              precision    recall  f1-score   support

           0     0.9199    0.8364    0.8761     11118
           1     0.8169    0.9093    0.8606      8926

    accuracy                         0.8688     20044
   macro avg     0.8684    0.8728    0.8684     20044
weighted avg     0.8740    0.8688    0.8692     20044

2026-03-18 00:23:10,551 - frs - INFO - Testing Time: 488.0459 ms, Test FPS: 32761
--------------------------------------------------------------------------------
2026-03-18 00:23:14,731 - frs - INFO - Epoch 2: , learning_rate: 0.0001
--------------------------------------------------------------------------------
2026-03-18 00:23:14,732 - frs - INFO - Train Loss: 0.9125, Train Acc: 0.7906, Training Time: 3735.3454 ms, Train FPS: 19566
2026-03-18 00:23:14,732 - frs - INFO - Valid Acc: 0.5201, Valid Acc: 0.7700, Best Valid Acc: 0.8019, Validation Time: 443.7327 ms, Valid FPS: 36033
2026-03-18 00:23:15,144 - frs - INFO - Test Classification Metrics:
2026-03-18 00:23:15,145 - frs - INFO - 
              precision    recall  f1-score   support

           0     0.9680    0.7463    0.8428     11118
           1     0.7541    0.9693    0.8483      8926

    accuracy                         0.8456     20044
   macro avg     0.8611    0.8578    0.8455     20044
weighted avg     0.8728    0.8456    0.8452     20044

2026-03-18 00:23:15,145 - frs - INFO - Testing Time: 412.9953 ms, Test FPS: 38715
--------------------------------------------------------------------------------
2026-03-18 00:23:25,916 - frs - INFO - Epoch 3: , learning_rate: 0.0001
--------------------------------------------------------------------------------
2026-03-18 00:23:25,917 - frs - INFO - Train Loss: 0.8954, Train Acc: 0.7975, Training Time: 8460.3395 ms, Train FPS: 8639
2026-03-18 00:23:25,918 - frs - INFO - Valid Acc: 0.4446, Valid Acc: 0.8148, Best Valid Acc: 0.8148, Validation Time: 2308.9824 ms, Valid FPS: 6925
2026-03-18 00:23:28,364 - frs - INFO - Test Classification Metrics:
2026-03-18 00:23:28,365 - frs - INFO - 
              precision    recall  f1-score   support

           0     0.9057    0.8638    0.8843     11118
           1     0.8396    0.8880    0.8631      8926

    accuracy                         0.8746     20044
   macro avg     0.8727    0.8759    0.8737     20044
weighted avg     0.8763    0.8746    0.8748     20044

2026-03-18 00:23:28,366 - frs - INFO - Testing Time: 2448.2837 ms, Test FPS: 6531
